<?xml version="1.0" encoding="UTF-8"?>
<testsuite name="study.querydsl.entity.MemberTest" tests="1" skipped="0" failures="0" errors="0" timestamp="2024-12-12T03:47:39" hostname="DESKTOP-3QVGDFK" time="0.802">
  <properties/>
  <testcase name="startJPQL()" classname="study.querydsl.entity.MemberTest" time="0.802"/>
  <system-out><![CDATA[12:47:36.319 [Test worker] INFO org.springframework.test.context.support.AnnotationConfigContextLoaderUtils -- Could not detect default configuration classes for test class [study.querydsl.entity.MemberTest]: MemberTest does not declare any static, non-private, non-final, nested classes annotated with @Configuration.
12:47:36.423 [Test worker] INFO org.springframework.boot.test.context.SpringBootTestContextBootstrapper -- Found @SpringBootConfiguration study.querydsl.QuerydslApplication for test class study.querydsl.entity.MemberTest

  .   ____          _            __ _ _
 /\\ / ___'_ __ _ _(_)_ __  __ _ \ \ \ \
( ( )\___ | '_ | '_| | '_ \/ _` | \ \ \ \
 \\/  ___)| |_)| | | | | || (_| |  ) ) ) )
  '  |____| .__|_| |_|_| |_\__, | / / / /
 =========|_|==============|___/=/_/_/_/

 :: Spring Boot ::                (v3.4.0)

2024-12-12T12:47:36.892+09:00  INFO 1648 --- [    Test worker] study.querydsl.entity.MemberTest         : Starting MemberTest using Java 17 with PID 1648 (started by user1 in C:\workspace\boot\querydsl)
2024-12-12T12:47:36.894+09:00  INFO 1648 --- [    Test worker] study.querydsl.entity.MemberTest         : No active profile set, falling back to 1 default profile: "default"
2024-12-12T12:47:37.444+09:00  INFO 1648 --- [    Test worker] .s.d.r.c.RepositoryConfigurationDelegate : Bootstrapping Spring Data JPA repositories in DEFAULT mode.
2024-12-12T12:47:37.469+09:00  INFO 1648 --- [    Test worker] .s.d.r.c.RepositoryConfigurationDelegate : Finished Spring Data repository scanning in 14 ms. Found 0 JPA repository interfaces.
2024-12-12T12:47:37.815+09:00  INFO 1648 --- [    Test worker] o.hibernate.jpa.internal.util.LogHelper  : HHH000204: Processing PersistenceUnitInfo [name: default]
2024-12-12T12:47:37.879+09:00  INFO 1648 --- [    Test worker] org.hibernate.Version                    : HHH000412: Hibernate ORM core version 6.6.2.Final
2024-12-12T12:47:37.915+09:00  INFO 1648 --- [    Test worker] o.h.c.internal.RegionFactoryInitiator    : HHH000026: Second-level cache disabled
2024-12-12T12:47:37.993+09:00 DEBUG 1648 --- [    Test worker] org.hibernate.type.BasicTypeRegistry     : Adding type registration boolean -> org.hibernate.type.BasicTypeReference@21002393
2024-12-12T12:47:37.993+09:00 DEBUG 1648 --- [    Test worker] org.hibernate.type.BasicTypeRegistry     : Adding type registration boolean -> org.hibernate.type.BasicTypeReference@21002393
2024-12-12T12:47:37.993+09:00 DEBUG 1648 --- [    Test worker] org.hibernate.type.BasicTypeRegistry     : Adding type registration java.lang.Boolean -> org.hibernate.type.BasicTypeReference@21002393
2024-12-12T12:47:37.993+09:00 DEBUG 1648 --- [    Test worker] org.hibernate.type.BasicTypeRegistry     : Adding type registration numeric_boolean -> org.hibernate.type.BasicTypeReference@718989fa
2024-12-12T12:47:37.993+09:00 DEBUG 1648 --- [    Test worker] org.hibernate.type.BasicTypeRegistry     : Adding type registration org.hibernate.type.NumericBooleanConverter -> org.hibernate.type.BasicTypeReference@718989fa
2024-12-12T12:47:37.993+09:00 DEBUG 1648 --- [    Test worker] org.hibernate.type.BasicTypeRegistry     : Adding type registration true_false -> org.hibernate.type.BasicTypeReference@69f080ad
2024-12-12T12:47:37.993+09:00 DEBUG 1648 --- [    Test worker] org.hibernate.type.BasicTypeRegistry     : Adding type registration org.hibernate.type.TrueFalseConverter -> org.hibernate.type.BasicTypeReference@69f080ad
2024-12-12T12:47:37.994+09:00 DEBUG 1648 --- [    Test worker] org.hibernate.type.BasicTypeRegistry     : Adding type registration yes_no -> org.hibernate.type.BasicTypeReference@6568f998
2024-12-12T12:47:37.994+09:00 DEBUG 1648 --- [    Test worker] org.hibernate.type.BasicTypeRegistry     : Adding type registration org.hibernate.type.YesNoConverter -> org.hibernate.type.BasicTypeReference@6568f998
2024-12-12T12:47:37.994+09:00 DEBUG 1648 --- [    Test worker] org.hibernate.type.BasicTypeRegistry     : Adding type registration byte -> org.hibernate.type.BasicTypeReference@45d4421d
2024-12-12T12:47:37.994+09:00 DEBUG 1648 --- [    Test worker] org.hibernate.type.BasicTypeRegistry     : Adding type registration byte -> org.hibernate.type.BasicTypeReference@45d4421d
2024-12-12T12:47:37.994+09:00 DEBUG 1648 --- [    Test worker] org.hibernate.type.BasicTypeRegistry     : Adding type registration java.lang.Byte -> org.hibernate.type.BasicTypeReference@45d4421d
2024-12-12T12:47:37.995+09:00 DEBUG 1648 --- [    Test worker] org.hibernate.type.BasicTypeRegistry     : Adding type registration binary -> org.hibernate.type.BasicTypeReference@782fd504
2024-12-12T12:47:37.995+09:00 DEBUG 1648 --- [    Test worker] org.hibernate.type.BasicTypeRegistry     : Adding type registration byte[] -> org.hibernate.type.BasicTypeReference@782fd504
2024-12-12T12:47:37.995+09:00 DEBUG 1648 --- [    Test worker] org.hibernate.type.BasicTypeRegistry     : Adding type registration [B -> org.hibernate.type.BasicTypeReference@782fd504
2024-12-12T12:47:37.995+09:00 DEBUG 1648 --- [    Test worker] org.hibernate.type.BasicTypeRegistry     : Adding type registration binary_wrapper -> org.hibernate.type.BasicTypeReference@50122012
2024-12-12T12:47:37.995+09:00 DEBUG 1648 --- [    Test worker] org.hibernate.type.BasicTypeRegistry     : Adding type registration wrapper-binary -> org.hibernate.type.BasicTypeReference@50122012
2024-12-12T12:47:37.995+09:00 DEBUG 1648 --- [    Test worker] org.hibernate.type.BasicTypeRegistry     : Adding type registration image -> org.hibernate.type.BasicTypeReference@569348e1
2024-12-12T12:47:37.996+09:00 DEBUG 1648 --- [    Test worker] org.hibernate.type.BasicTypeRegistry     : Adding type registration blob -> org.hibernate.type.BasicTypeReference@7db5b890
2024-12-12T12:47:37.996+09:00 DEBUG 1648 --- [    Test worker] org.hibernate.type.BasicTypeRegistry     : Adding type registration java.sql.Blob -> org.hibernate.type.BasicTypeReference@7db5b890
2024-12-12T12:47:37.996+09:00 DEBUG 1648 --- [    Test worker] org.hibernate.type.BasicTypeRegistry     : Adding type registration materialized_blob -> org.hibernate.type.BasicTypeReference@407b8435
2024-12-12T12:47:37.996+09:00 DEBUG 1648 --- [    Test worker] org.hibernate.type.BasicTypeRegistry     : Adding type registration materialized_blob_wrapper -> org.hibernate.type.BasicTypeReference@1282e98
2024-12-12T12:47:37.996+09:00 DEBUG 1648 --- [    Test worker] org.hibernate.type.BasicTypeRegistry     : Adding type registration short -> org.hibernate.type.BasicTypeReference@4db0ba1c
2024-12-12T12:47:37.996+09:00 DEBUG 1648 --- [    Test worker] org.hibernate.type.BasicTypeRegistry     : Adding type registration short -> org.hibernate.type.BasicTypeReference@4db0ba1c
2024-12-12T12:47:37.996+09:00 DEBUG 1648 --- [    Test worker] org.hibernate.type.BasicTypeRegistry     : Adding type registration java.lang.Short -> org.hibernate.type.BasicTypeReference@4db0ba1c
2024-12-12T12:47:37.997+09:00 DEBUG 1648 --- [    Test worker] org.hibernate.type.BasicTypeRegistry     : Adding type registration integer -> org.hibernate.type.BasicTypeReference@1d91fa02
2024-12-12T12:47:37.997+09:00 DEBUG 1648 --- [    Test worker] org.hibernate.type.BasicTypeRegistry     : Adding type registration int -> org.hibernate.type.BasicTypeReference@1d91fa02
2024-12-12T12:47:37.997+09:00 DEBUG 1648 --- [    Test worker] org.hibernate.type.BasicTypeRegistry     : Adding type registration java.lang.Integer -> org.hibernate.type.BasicTypeReference@1d91fa02
2024-12-12T12:47:37.997+09:00 DEBUG 1648 --- [    Test worker] org.hibernate.type.BasicTypeRegistry     : Adding type registration long -> org.hibernate.type.BasicTypeReference@1578fa9
2024-12-12T12:47:37.997+09:00 DEBUG 1648 --- [    Test worker] org.hibernate.type.BasicTypeRegistry     : Adding type registration long -> org.hibernate.type.BasicTypeReference@1578fa9
2024-12-12T12:47:37.998+09:00 DEBUG 1648 --- [    Test worker] org.hibernate.type.BasicTypeRegistry     : Adding type registration java.lang.Long -> org.hibernate.type.BasicTypeReference@1578fa9
2024-12-12T12:47:37.998+09:00 DEBUG 1648 --- [    Test worker] org.hibernate.type.BasicTypeRegistry     : Adding type registration float -> org.hibernate.type.BasicTypeReference@414b2df5
2024-12-12T12:47:37.998+09:00 DEBUG 1648 --- [    Test worker] org.hibernate.type.BasicTypeRegistry     : Adding type registration float -> org.hibernate.type.BasicTypeReference@414b2df5
2024-12-12T12:47:37.998+09:00 DEBUG 1648 --- [    Test worker] org.hibernate.type.BasicTypeRegistry     : Adding type registration java.lang.Float -> org.hibernate.type.BasicTypeReference@414b2df5
2024-12-12T12:47:37.998+09:00 DEBUG 1648 --- [    Test worker] org.hibernate.type.BasicTypeRegistry     : Adding type registration double -> org.hibernate.type.BasicTypeReference@9e30f9a
2024-12-12T12:47:37.998+09:00 DEBUG 1648 --- [    Test worker] org.hibernate.type.BasicTypeRegistry     : Adding type registration double -> org.hibernate.type.BasicTypeReference@9e30f9a
2024-12-12T12:47:37.998+09:00 DEBUG 1648 --- [    Test worker] org.hibernate.type.BasicTypeRegistry     : Adding type registration java.lang.Double -> org.hibernate.type.BasicTypeReference@9e30f9a
2024-12-12T12:47:37.998+09:00 DEBUG 1648 --- [    Test worker] org.hibernate.type.BasicTypeRegistry     : Adding type registration big_integer -> org.hibernate.type.BasicTypeReference@1b30a54e
2024-12-12T12:47:37.999+09:00 DEBUG 1648 --- [    Test worker] org.hibernate.type.BasicTypeRegistry     : Adding type registration java.math.BigInteger -> org.hibernate.type.BasicTypeReference@1b30a54e
2024-12-12T12:47:37.999+09:00 DEBUG 1648 --- [    Test worker] org.hibernate.type.BasicTypeRegistry     : Adding type registration big_decimal -> org.hibernate.type.BasicTypeReference@26275b46
2024-12-12T12:47:37.999+09:00 DEBUG 1648 --- [    Test worker] org.hibernate.type.BasicTypeRegistry     : Adding type registration java.math.BigDecimal -> org.hibernate.type.BasicTypeReference@26275b46
2024-12-12T12:47:37.999+09:00 DEBUG 1648 --- [    Test worker] org.hibernate.type.BasicTypeRegistry     : Adding type registration character -> org.hibernate.type.BasicTypeReference@3e9beef2
2024-12-12T12:47:37.999+09:00 DEBUG 1648 --- [    Test worker] org.hibernate.type.BasicTypeRegistry     : Adding type registration char -> org.hibernate.type.BasicTypeReference@3e9beef2
2024-12-12T12:47:37.999+09:00 DEBUG 1648 --- [    Test worker] org.hibernate.type.BasicTypeRegistry     : Adding type registration java.lang.Character -> org.hibernate.type.BasicTypeReference@3e9beef2
2024-12-12T12:47:37.999+09:00 DEBUG 1648 --- [    Test worker] org.hibernate.type.BasicTypeRegistry     : Adding type registration character_nchar -> org.hibernate.type.BasicTypeReference@2f15a964
2024-12-12T12:47:37.999+09:00 DEBUG 1648 --- [    Test worker] org.hibernate.type.BasicTypeRegistry     : Adding type registration string -> org.hibernate.type.BasicTypeReference@3111631d
2024-12-12T12:47:37.999+09:00 DEBUG 1648 --- [    Test worker] org.hibernate.type.BasicTypeRegistry     : Adding type registration java.lang.String -> org.hibernate.type.BasicTypeReference@3111631d
2024-12-12T12:47:38.000+09:00 DEBUG 1648 --- [    Test worker] org.hibernate.type.BasicTypeRegistry     : Adding type registration nstring -> org.hibernate.type.BasicTypeReference@2d70f312
2024-12-12T12:47:38.000+09:00 DEBUG 1648 --- [    Test worker] org.hibernate.type.BasicTypeRegistry     : Adding type registration characters -> org.hibernate.type.BasicTypeReference@4c7d7430
2024-12-12T12:47:38.000+09:00 DEBUG 1648 --- [    Test worker] org.hibernate.type.BasicTypeRegistry     : Adding type registration char[] -> org.hibernate.type.BasicTypeReference@4c7d7430
2024-12-12T12:47:38.000+09:00 DEBUG 1648 --- [    Test worker] org.hibernate.type.BasicTypeRegistry     : Adding type registration [C -> org.hibernate.type.BasicTypeReference@4c7d7430
2024-12-12T12:47:38.000+09:00 DEBUG 1648 --- [    Test worker] org.hibernate.type.BasicTypeRegistry     : Adding type registration wrapper-characters -> org.hibernate.type.BasicTypeReference@4ea1aa52
2024-12-12T12:47:38.000+09:00 DEBUG 1648 --- [    Test worker] org.hibernate.type.BasicTypeRegistry     : Adding type registration text -> org.hibernate.type.BasicTypeReference@74123110
2024-12-12T12:47:38.000+09:00 DEBUG 1648 --- [    Test worker] org.hibernate.type.BasicTypeRegistry     : Adding type registration ntext -> org.hibernate.type.BasicTypeReference@5ed0b4e3
2024-12-12T12:47:38.000+09:00 DEBUG 1648 --- [    Test worker] org.hibernate.type.BasicTypeRegistry     : Adding type registration clob -> org.hibernate.type.BasicTypeReference@79ab97fd
2024-12-12T12:47:38.000+09:00 DEBUG 1648 --- [    Test worker] org.hibernate.type.BasicTypeRegistry     : Adding type registration java.sql.Clob -> org.hibernate.type.BasicTypeReference@79ab97fd
2024-12-12T12:47:38.001+09:00 DEBUG 1648 --- [    Test worker] org.hibernate.type.BasicTypeRegistry     : Adding type registration nclob -> org.hibernate.type.BasicTypeReference@3a9b41a0
2024-12-12T12:47:38.001+09:00 DEBUG 1648 --- [    Test worker] org.hibernate.type.BasicTypeRegistry     : Adding type registration java.sql.NClob -> org.hibernate.type.BasicTypeReference@3a9b41a0
2024-12-12T12:47:38.001+09:00 DEBUG 1648 --- [    Test worker] org.hibernate.type.BasicTypeRegistry     : Adding type registration materialized_clob -> org.hibernate.type.BasicTypeReference@5fe46d52
2024-12-12T12:47:38.001+09:00 DEBUG 1648 --- [    Test worker] org.hibernate.type.BasicTypeRegistry     : Adding type registration materialized_clob_char_array -> org.hibernate.type.BasicTypeReference@448ade1
2024-12-12T12:47:38.001+09:00 DEBUG 1648 --- [    Test worker] org.hibernate.type.BasicTypeRegistry     : Adding type registration materialized_clob_character_array -> org.hibernate.type.BasicTypeReference@21f9c6ea
2024-12-12T12:47:38.001+09:00 DEBUG 1648 --- [    Test worker] org.hibernate.type.BasicTypeRegistry     : Adding type registration materialized_nclob -> org.hibernate.type.BasicTypeReference@418f0534
2024-12-12T12:47:38.001+09:00 DEBUG 1648 --- [    Test worker] org.hibernate.type.BasicTypeRegistry     : Adding type registration materialized_nclob_character_array -> org.hibernate.type.BasicTypeReference@3dfd7eaa
2024-12-12T12:47:38.001+09:00 DEBUG 1648 --- [    Test worker] org.hibernate.type.BasicTypeRegistry     : Adding type registration materialized_nclob_char_array -> org.hibernate.type.BasicTypeReference@7c9beb51
2024-12-12T12:47:38.001+09:00 DEBUG 1648 --- [    Test worker] org.hibernate.type.BasicTypeRegistry     : Adding type registration Duration -> org.hibernate.type.BasicTypeReference@133aacbe
2024-12-12T12:47:38.001+09:00 DEBUG 1648 --- [    Test worker] org.hibernate.type.BasicTypeRegistry     : Adding type registration java.time.Duration -> org.hibernate.type.BasicTypeReference@133aacbe
2024-12-12T12:47:38.002+09:00 DEBUG 1648 --- [    Test worker] org.hibernate.type.BasicTypeRegistry     : Adding type registration LocalDateTime -> org.hibernate.type.BasicTypeReference@2aa5bd48
2024-12-12T12:47:38.002+09:00 DEBUG 1648 --- [    Test worker] org.hibernate.type.BasicTypeRegistry     : Adding type registration java.time.LocalDateTime -> org.hibernate.type.BasicTypeReference@2aa5bd48
2024-12-12T12:47:38.002+09:00 DEBUG 1648 --- [    Test worker] org.hibernate.type.BasicTypeRegistry     : Adding type registration LocalDate -> org.hibernate.type.BasicTypeReference@7cfb8e98
2024-12-12T12:47:38.002+09:00 DEBUG 1648 --- [    Test worker] org.hibernate.type.BasicTypeRegistry     : Adding type registration java.time.LocalDate -> org.hibernate.type.BasicTypeReference@7cfb8e98
2024-12-12T12:47:38.002+09:00 DEBUG 1648 --- [    Test worker] org.hibernate.type.BasicTypeRegistry     : Adding type registration LocalTime -> org.hibernate.type.BasicTypeReference@5f193335
2024-12-12T12:47:38.002+09:00 DEBUG 1648 --- [    Test worker] org.hibernate.type.BasicTypeRegistry     : Adding type registration java.time.LocalTime -> org.hibernate.type.BasicTypeReference@5f193335
2024-12-12T12:47:38.002+09:00 DEBUG 1648 --- [    Test worker] org.hibernate.type.BasicTypeRegistry     : Adding type registration OffsetDateTime -> org.hibernate.type.BasicTypeReference@19002b34
2024-12-12T12:47:38.002+09:00 DEBUG 1648 --- [    Test worker] org.hibernate.type.BasicTypeRegistry     : Adding type registration java.time.OffsetDateTime -> org.hibernate.type.BasicTypeReference@19002b34
2024-12-12T12:47:38.002+09:00 DEBUG 1648 --- [    Test worker] org.hibernate.type.BasicTypeRegistry     : Adding type registration OffsetDateTimeWithTimezone -> org.hibernate.type.BasicTypeReference@1ec88aa1
2024-12-12T12:47:38.002+09:00 DEBUG 1648 --- [    Test worker] org.hibernate.type.BasicTypeRegistry     : Adding type registration OffsetDateTimeWithoutTimezone -> org.hibernate.type.BasicTypeReference@3e6748ae
2024-12-12T12:47:38.003+09:00 DEBUG 1648 --- [    Test worker] org.hibernate.type.BasicTypeRegistry     : Adding type registration OffsetTime -> org.hibernate.type.BasicTypeReference@28f154cc
2024-12-12T12:47:38.003+09:00 DEBUG 1648 --- [    Test worker] org.hibernate.type.BasicTypeRegistry     : Adding type registration java.time.OffsetTime -> org.hibernate.type.BasicTypeReference@28f154cc
2024-12-12T12:47:38.003+09:00 DEBUG 1648 --- [    Test worker] org.hibernate.type.BasicTypeRegistry     : Adding type registration OffsetTimeUtc -> org.hibernate.type.BasicTypeReference@3030836d
2024-12-12T12:47:38.003+09:00 DEBUG 1648 --- [    Test worker] org.hibernate.type.BasicTypeRegistry     : Adding type registration OffsetTimeWithTimezone -> org.hibernate.type.BasicTypeReference@6af78a48
2024-12-12T12:47:38.003+09:00 DEBUG 1648 --- [    Test worker] org.hibernate.type.BasicTypeRegistry     : Adding type registration OffsetTimeWithoutTimezone -> org.hibernate.type.BasicTypeReference@6ed18d80
2024-12-12T12:47:38.003+09:00 DEBUG 1648 --- [    Test worker] org.hibernate.type.BasicTypeRegistry     : Adding type registration ZonedDateTime -> org.hibernate.type.BasicTypeReference@4c24f3a2
2024-12-12T12:47:38.003+09:00 DEBUG 1648 --- [    Test worker] org.hibernate.type.BasicTypeRegistry     : Adding type registration java.time.ZonedDateTime -> org.hibernate.type.BasicTypeReference@4c24f3a2
2024-12-12T12:47:38.003+09:00 DEBUG 1648 --- [    Test worker] org.hibernate.type.BasicTypeRegistry     : Adding type registration ZonedDateTimeWithTimezone -> org.hibernate.type.BasicTypeReference@783b3aa0
2024-12-12T12:47:38.003+09:00 DEBUG 1648 --- [    Test worker] org.hibernate.type.BasicTypeRegistry     : Adding type registration ZonedDateTimeWithoutTimezone -> org.hibernate.type.BasicTypeReference@2ec85a25
2024-12-12T12:47:38.003+09:00 DEBUG 1648 --- [    Test worker] org.hibernate.type.BasicTypeRegistry     : Adding type registration date -> org.hibernate.type.BasicTypeReference@4c176ff1
2024-12-12T12:47:38.004+09:00 DEBUG 1648 --- [    Test worker] org.hibernate.type.BasicTypeRegistry     : Adding type registration java.sql.Date -> org.hibernate.type.BasicTypeReference@4c176ff1
2024-12-12T12:47:38.004+09:00 DEBUG 1648 --- [    Test worker] org.hibernate.type.BasicTypeRegistry     : Adding type registration time -> org.hibernate.type.BasicTypeReference@27c53c32
2024-12-12T12:47:38.004+09:00 DEBUG 1648 --- [    Test worker] org.hibernate.type.BasicTypeRegistry     : Adding type registration java.sql.Time -> org.hibernate.type.BasicTypeReference@27c53c32
2024-12-12T12:47:38.004+09:00 DEBUG 1648 --- [    Test worker] org.hibernate.type.BasicTypeRegistry     : Adding type registration timestamp -> org.hibernate.type.BasicTypeReference@68aec50
2024-12-12T12:47:38.004+09:00 DEBUG 1648 --- [    Test worker] org.hibernate.type.BasicTypeRegistry     : Adding type registration java.sql.Timestamp -> org.hibernate.type.BasicTypeReference@68aec50
2024-12-12T12:47:38.004+09:00 DEBUG 1648 --- [    Test worker] org.hibernate.type.BasicTypeRegistry     : Adding type registration java.util.Date -> org.hibernate.type.BasicTypeReference@68aec50
2024-12-12T12:47:38.004+09:00 DEBUG 1648 --- [    Test worker] org.hibernate.type.BasicTypeRegistry     : Adding type registration calendar -> org.hibernate.type.BasicTypeReference@6aff97d6
2024-12-12T12:47:38.004+09:00 DEBUG 1648 --- [    Test worker] org.hibernate.type.BasicTypeRegistry     : Adding type registration java.util.Calendar -> org.hibernate.type.BasicTypeReference@6aff97d6
2024-12-12T12:47:38.004+09:00 DEBUG 1648 --- [    Test worker] org.hibernate.type.BasicTypeRegistry     : Adding type registration java.util.GregorianCalendar -> org.hibernate.type.BasicTypeReference@6aff97d6
2024-12-12T12:47:38.004+09:00 DEBUG 1648 --- [    Test worker] org.hibernate.type.BasicTypeRegistry     : Adding type registration calendar_date -> org.hibernate.type.BasicTypeReference@1d60059f
2024-12-12T12:47:38.004+09:00 DEBUG 1648 --- [    Test worker] org.hibernate.type.BasicTypeRegistry     : Adding type registration calendar_time -> org.hibernate.type.BasicTypeReference@134a8ead
2024-12-12T12:47:38.004+09:00 DEBUG 1648 --- [    Test worker] org.hibernate.type.BasicTypeRegistry     : Adding type registration instant -> org.hibernate.type.BasicTypeReference@427308f8
2024-12-12T12:47:38.005+09:00 DEBUG 1648 --- [    Test worker] org.hibernate.type.BasicTypeRegistry     : Adding type registration java.time.Instant -> org.hibernate.type.BasicTypeReference@427308f8
2024-12-12T12:47:38.005+09:00 DEBUG 1648 --- [    Test worker] org.hibernate.type.BasicTypeRegistry     : Adding type registration uuid -> org.hibernate.type.BasicTypeReference@54247647
2024-12-12T12:47:38.005+09:00 DEBUG 1648 --- [    Test worker] org.hibernate.type.BasicTypeRegistry     : Adding type registration java.util.UUID -> org.hibernate.type.BasicTypeReference@54247647
2024-12-12T12:47:38.005+09:00 DEBUG 1648 --- [    Test worker] org.hibernate.type.BasicTypeRegistry     : Adding type registration pg-uuid -> org.hibernate.type.BasicTypeReference@54247647
2024-12-12T12:47:38.005+09:00 DEBUG 1648 --- [    Test worker] org.hibernate.type.BasicTypeRegistry     : Adding type registration uuid-binary -> org.hibernate.type.BasicTypeReference@4975dda1
2024-12-12T12:47:38.005+09:00 DEBUG 1648 --- [    Test worker] org.hibernate.type.BasicTypeRegistry     : Adding type registration uuid-char -> org.hibernate.type.BasicTypeReference@e0d1dc4
2024-12-12T12:47:38.005+09:00 DEBUG 1648 --- [    Test worker] org.hibernate.type.BasicTypeRegistry     : Adding type registration class -> org.hibernate.type.BasicTypeReference@5463f035
2024-12-12T12:47:38.005+09:00 DEBUG 1648 --- [    Test worker] org.hibernate.type.BasicTypeRegistry     : Adding type registration java.lang.Class -> org.hibernate.type.BasicTypeReference@5463f035
2024-12-12T12:47:38.005+09:00 DEBUG 1648 --- [    Test worker] org.hibernate.type.BasicTypeRegistry     : Adding type registration currency -> org.hibernate.type.BasicTypeReference@230232b0
2024-12-12T12:47:38.005+09:00 DEBUG 1648 --- [    Test worker] org.hibernate.type.BasicTypeRegistry     : Adding type registration Currency -> org.hibernate.type.BasicTypeReference@230232b0
2024-12-12T12:47:38.006+09:00 DEBUG 1648 --- [    Test worker] org.hibernate.type.BasicTypeRegistry     : Adding type registration java.util.Currency -> org.hibernate.type.BasicTypeReference@230232b0
2024-12-12T12:47:38.006+09:00 DEBUG 1648 --- [    Test worker] org.hibernate.type.BasicTypeRegistry     : Adding type registration locale -> org.hibernate.type.BasicTypeReference@44fd7ba4
2024-12-12T12:47:38.006+09:00 DEBUG 1648 --- [    Test worker] org.hibernate.type.BasicTypeRegistry     : Adding type registration java.util.Locale -> org.hibernate.type.BasicTypeReference@44fd7ba4
2024-12-12T12:47:38.006+09:00 DEBUG 1648 --- [    Test worker] org.hibernate.type.BasicTypeRegistry     : Adding type registration serializable -> org.hibernate.type.BasicTypeReference@22f8adc2
2024-12-12T12:47:38.006+09:00 DEBUG 1648 --- [    Test worker] org.hibernate.type.BasicTypeRegistry     : Adding type registration java.io.Serializable -> org.hibernate.type.BasicTypeReference@22f8adc2
2024-12-12T12:47:38.006+09:00 DEBUG 1648 --- [    Test worker] org.hibernate.type.BasicTypeRegistry     : Adding type registration timezone -> org.hibernate.type.BasicTypeReference@69d103f0
2024-12-12T12:47:38.006+09:00 DEBUG 1648 --- [    Test worker] org.hibernate.type.BasicTypeRegistry     : Adding type registration java.util.TimeZone -> org.hibernate.type.BasicTypeReference@69d103f0
2024-12-12T12:47:38.006+09:00 DEBUG 1648 --- [    Test worker] org.hibernate.type.BasicTypeRegistry     : Adding type registration ZoneOffset -> org.hibernate.type.BasicTypeReference@5b742bc8
2024-12-12T12:47:38.006+09:00 DEBUG 1648 --- [    Test worker] org.hibernate.type.BasicTypeRegistry     : Adding type registration java.time.ZoneOffset -> org.hibernate.type.BasicTypeReference@5b742bc8
2024-12-12T12:47:38.007+09:00 DEBUG 1648 --- [    Test worker] org.hibernate.type.BasicTypeRegistry     : Adding type registration url -> org.hibernate.type.BasicTypeReference@74fb5b59
2024-12-12T12:47:38.007+09:00 DEBUG 1648 --- [    Test worker] org.hibernate.type.BasicTypeRegistry     : Adding type registration java.net.URL -> org.hibernate.type.BasicTypeReference@74fb5b59
2024-12-12T12:47:38.007+09:00 DEBUG 1648 --- [    Test worker] org.hibernate.type.BasicTypeRegistry     : Adding type registration vector -> org.hibernate.type.BasicTypeReference@130a6eb9
2024-12-12T12:47:38.007+09:00 DEBUG 1648 --- [    Test worker] org.hibernate.type.BasicTypeRegistry     : Adding type registration float_vector -> org.hibernate.type.BasicTypeReference@722531ab
2024-12-12T12:47:38.007+09:00 DEBUG 1648 --- [    Test worker] org.hibernate.type.BasicTypeRegistry     : Adding type registration double_vector -> org.hibernate.type.BasicTypeReference@8f57e4c
2024-12-12T12:47:38.007+09:00 DEBUG 1648 --- [    Test worker] org.hibernate.type.BasicTypeRegistry     : Adding type registration byte_vector -> org.hibernate.type.BasicTypeReference@26fadd98
2024-12-12T12:47:38.007+09:00 DEBUG 1648 --- [    Test worker] org.hibernate.type.BasicTypeRegistry     : Adding type registration row_version -> org.hibernate.type.BasicTypeReference@66451058
2024-12-12T12:47:38.011+09:00 DEBUG 1648 --- [    Test worker] org.hibernate.type.BasicTypeRegistry     : Adding type registration object -> org.hibernate.type.JavaObjectType@716f94c1
2024-12-12T12:47:38.012+09:00 DEBUG 1648 --- [    Test worker] org.hibernate.type.BasicTypeRegistry     : Adding type registration java.lang.Object -> org.hibernate.type.JavaObjectType@716f94c1
2024-12-12T12:47:38.013+09:00 DEBUG 1648 --- [    Test worker] org.hibernate.type.BasicTypeRegistry     : Adding type registration null -> org.hibernate.type.NullType@17fbfb02
2024-12-12T12:47:38.013+09:00 DEBUG 1648 --- [    Test worker] org.hibernate.type.BasicTypeRegistry     : Adding type registration imm_date -> org.hibernate.type.BasicTypeReference@8f2e3e6
2024-12-12T12:47:38.013+09:00 DEBUG 1648 --- [    Test worker] org.hibernate.type.BasicTypeRegistry     : Adding type registration imm_time -> org.hibernate.type.BasicTypeReference@6f315b08
2024-12-12T12:47:38.013+09:00 DEBUG 1648 --- [    Test worker] org.hibernate.type.BasicTypeRegistry     : Adding type registration imm_timestamp -> org.hibernate.type.BasicTypeReference@6c8efde4
2024-12-12T12:47:38.013+09:00 DEBUG 1648 --- [    Test worker] org.hibernate.type.BasicTypeRegistry     : Adding type registration imm_calendar -> org.hibernate.type.BasicTypeReference@24e5389c
2024-12-12T12:47:38.013+09:00 DEBUG 1648 --- [    Test worker] org.hibernate.type.BasicTypeRegistry     : Adding type registration imm_calendar_date -> org.hibernate.type.BasicTypeReference@3b170235
2024-12-12T12:47:38.013+09:00 DEBUG 1648 --- [    Test worker] org.hibernate.type.BasicTypeRegistry     : Adding type registration imm_calendar_time -> org.hibernate.type.BasicTypeReference@5e9bf744
2024-12-12T12:47:38.014+09:00 DEBUG 1648 --- [    Test worker] org.hibernate.type.BasicTypeRegistry     : Adding type registration imm_binary -> org.hibernate.type.BasicTypeReference@45e140ae
2024-12-12T12:47:38.014+09:00 DEBUG 1648 --- [    Test worker] org.hibernate.type.BasicTypeRegistry     : Adding type registration imm_serializable -> org.hibernate.type.BasicTypeReference@48cdb156
2024-12-12T12:47:38.224+09:00  INFO 1648 --- [    Test worker] o.s.o.j.p.SpringPersistenceUnitInfo      : No LoadTimeWeaver setup: ignoring JPA class transformer
2024-12-12T12:47:38.255+09:00  INFO 1648 --- [    Test worker] com.zaxxer.hikari.HikariDataSource       : HikariPool-1 - Starting...
2024-12-12T12:47:38.324+09:00  INFO 1648 --- [    Test worker] com.zaxxer.hikari.pool.HikariPool        : HikariPool-1 - Added connection conn0: url=jdbc:h2:tcp://localhost/~/querydsl user=SA
2024-12-12T12:47:38.326+09:00  INFO 1648 --- [    Test worker] com.zaxxer.hikari.HikariDataSource       : HikariPool-1 - Start completed.
2024-12-12T12:47:38.378+09:00  INFO 1648 --- [    Test worker] org.hibernate.orm.connections.pooling    : HHH10001005: Database info:
	Database JDBC URL [Connecting through datasource 'HikariDataSource (HikariPool-1)']
	Database driver: undefined/unknown
	Database version: 2.3.232
	Autocommit mode: undefined/unknown
	Isolation level: undefined/unknown
	Minimum pool size: undefined/unknown
	Maximum pool size: undefined/unknown
2024-12-12T12:47:38.391+09:00 DEBUG 1648 --- [    Test worker] o.h.t.d.jdbc.spi.JdbcTypeRegistry        : addDescriptor(NCharTypeDescriptor) replaced previous registration(CharTypeDescriptor)
2024-12-12T12:47:38.391+09:00 DEBUG 1648 --- [    Test worker] o.h.t.d.jdbc.spi.JdbcTypeRegistry        : addDescriptor(NVarcharTypeDescriptor) replaced previous registration(VarcharTypeDescriptor)
2024-12-12T12:47:38.393+09:00 DEBUG 1648 --- [    Test worker] o.h.t.d.jdbc.spi.JdbcTypeRegistry        : addDescriptor(LongNVarcharTypeDescriptor) replaced previous registration(LongVarcharTypeDescriptor)
2024-12-12T12:47:38.402+09:00 DEBUG 1648 --- [    Test worker] o.h.t.d.jdbc.spi.JdbcTypeRegistry        : addDescriptor(NClobTypeDescriptor(DEFAULT)) replaced previous registration(ClobTypeDescriptor(DEFAULT))
2024-12-12T12:47:38.410+09:00 DEBUG 1648 --- [    Test worker] o.h.t.d.jdbc.spi.JdbcTypeRegistry        : addDescriptor(TimestampUtcDescriptor) replaced previous registration(TimestampUtcDescriptor)
2024-12-12T12:47:38.429+09:00 DEBUG 1648 --- [    Test worker] org.hibernate.type.BasicTypeRegistry     : Adding type registration org.hibernate.type.DurationType -> basicType@1(java.time.Duration,3015)
2024-12-12T12:47:38.429+09:00 DEBUG 1648 --- [    Test worker] org.hibernate.type.BasicTypeRegistry     : Adding type registration Duration -> basicType@1(java.time.Duration,3015)
2024-12-12T12:47:38.429+09:00 DEBUG 1648 --- [    Test worker] org.hibernate.type.BasicTypeRegistry     : Adding type registration java.time.Duration -> basicType@1(java.time.Duration,3015)
2024-12-12T12:47:38.438+09:00 DEBUG 1648 --- [    Test worker] o.h.type.spi.TypeConfiguration$Scope     : Scoping TypeConfiguration [org.hibernate.type.spi.TypeConfiguration@4b09d1c3] to MetadataBuildingContext [org.hibernate.boot.internal.MetadataBuildingContextRootImpl@18811c42]
2024-12-12T12:47:39.116+09:00 DEBUG 1648 --- [    Test worker] org.hibernate.SQL                        : 
    create global temporary table HTE_hello(rn_ integer not null, id bigint, primary key (rn_)) TRANSACTIONAL
2024-12-12T12:47:39.122+09:00 DEBUG 1648 --- [    Test worker] org.hibernate.SQL                        : 
    create global temporary table HTE_member(age integer, rn_ integer not null, member_id bigint, team_id bigint, username varchar(255), primary key (rn_)) TRANSACTIONAL
2024-12-12T12:47:39.123+09:00 DEBUG 1648 --- [    Test worker] org.hibernate.SQL                        : 
    create global temporary table HTE_team(rn_ integer not null, team_id bigint, name varchar(255), primary key (rn_)) TRANSACTIONAL
2024-12-12T12:47:39.273+09:00  INFO 1648 --- [    Test worker] o.h.e.t.j.p.i.JtaPlatformInitiator       : HHH000489: No JTA platform available (set 'hibernate.transaction.jta.platform' to enable JTA platform integration)
2024-12-12T12:47:39.274+09:00 DEBUG 1648 --- [    Test worker] o.h.type.spi.TypeConfiguration$Scope     : Scoping TypeConfiguration [org.hibernate.type.spi.TypeConfiguration@4b09d1c3] to SessionFactoryImplementor [org.hibernate.internal.SessionFactoryImpl@468646ea]
2024-12-12T12:47:39.308+09:00 TRACE 1648 --- [    Test worker] o.h.type.spi.TypeConfiguration$Scope     : Handling #sessionFactoryCreated from [org.hibernate.internal.SessionFactoryImpl@468646ea] for TypeConfiguration
2024-12-12T12:47:39.308+09:00  INFO 1648 --- [    Test worker] j.LocalContainerEntityManagerFactoryBean : Initialized JPA EntityManagerFactory for persistence unit 'default'
2024-12-12T12:47:39.424+09:00  WARN 1648 --- [    Test worker] JpaBaseConfiguration$JpaWebConfiguration : spring.jpa.open-in-view is enabled by default. Therefore, database queries may be performed during view rendering. Explicitly configure spring.jpa.open-in-view to disable this warning
2024-12-12T12:47:39.785+09:00  INFO 1648 --- [    Test worker] study.querydsl.entity.MemberTest         : Started MemberTest in 3.214 seconds (process running for 4.308)
2024-12-12T12:47:40.510+09:00 DEBUG 1648 --- [    Test worker] org.hibernate.SQL                        : 
    select
        m1_0.member_id,
        m1_0.age,
        m1_0.team_id,
        m1_0.username 
    from
        member m1_0 
    where
        m1_0.username=?
]]></system-out>
  <system-err><![CDATA[]]></system-err>
</testsuite>
