<?xml version="1.0" encoding="UTF-8"?>
<testsuite name="study.querydsl.QuerydslApplicationTests" tests="1" skipped="0" failures="0" errors="0" timestamp="2024-12-05T05:24:01" hostname="DESKTOP-3QVGDFK" time="0.93">
  <properties/>
  <testcase name="contextLoads()" classname="study.querydsl.QuerydslApplicationTests" time="0.93"/>
  <system-out><![CDATA[14:23:58.098 [Test worker] INFO org.springframework.test.context.support.AnnotationConfigContextLoaderUtils -- Could not detect default configuration classes for test class [study.querydsl.QuerydslApplicationTests]: QuerydslApplicationTests does not declare any static, non-private, non-final, nested classes annotated with @Configuration.
14:23:58.197 [Test worker] INFO org.springframework.boot.test.context.SpringBootTestContextBootstrapper -- Found @SpringBootConfiguration study.querydsl.QuerydslApplication for test class study.querydsl.QuerydslApplicationTests

  .   ____          _            __ _ _
 /\\ / ___'_ __ _ _(_)_ __  __ _ \ \ \ \
( ( )\___ | '_ | '_| | '_ \/ _` | \ \ \ \
 \\/  ___)| |_)| | | | | || (_| |  ) ) ) )
  '  |____| .__|_| |_|_| |_\__, | / / / /
 =========|_|==============|___/=/_/_/_/

 :: Spring Boot ::                (v3.4.0)

2024-12-05T14:23:58.722+09:00  INFO 18240 --- [querydsl] [    Test worker] s.querydsl.QuerydslApplicationTests      : Starting QuerydslApplicationTests using Java 17 with PID 18240 (started by user1 in C:\workspace\boot\querydsl)
2024-12-05T14:23:58.724+09:00  INFO 18240 --- [querydsl] [    Test worker] s.querydsl.QuerydslApplicationTests      : No active profile set, falling back to 1 default profile: "default"
2024-12-05T14:23:59.357+09:00  INFO 18240 --- [querydsl] [    Test worker] .s.d.r.c.RepositoryConfigurationDelegate : Bootstrapping Spring Data JPA repositories in DEFAULT mode.
2024-12-05T14:23:59.395+09:00  INFO 18240 --- [querydsl] [    Test worker] .s.d.r.c.RepositoryConfigurationDelegate : Finished Spring Data repository scanning in 15 ms. Found 0 JPA repository interfaces.
2024-12-05T14:23:59.754+09:00  INFO 18240 --- [querydsl] [    Test worker] com.zaxxer.hikari.HikariDataSource       : HikariPool-1 - Starting...
2024-12-05T14:23:59.926+09:00  INFO 18240 --- [querydsl] [    Test worker] com.zaxxer.hikari.pool.HikariPool        : HikariPool-1 - Added connection conn0: url=jdbc:h2:mem:766cb04e-1b9b-4b9d-a669-59eb94169ab4 user=SA
2024-12-05T14:23:59.928+09:00  INFO 18240 --- [querydsl] [    Test worker] com.zaxxer.hikari.HikariDataSource       : HikariPool-1 - Start completed.
2024-12-05T14:23:59.978+09:00  INFO 18240 --- [querydsl] [    Test worker] o.hibernate.jpa.internal.util.LogHelper  : HHH000204: Processing PersistenceUnitInfo [name: default]
2024-12-05T14:24:00.045+09:00  INFO 18240 --- [querydsl] [    Test worker] org.hibernate.Version                    : HHH000412: Hibernate ORM core version 6.6.2.Final
2024-12-05T14:24:00.084+09:00  INFO 18240 --- [querydsl] [    Test worker] o.h.c.internal.RegionFactoryInitiator    : HHH000026: Second-level cache disabled
2024-12-05T14:24:00.372+09:00  INFO 18240 --- [querydsl] [    Test worker] o.s.o.j.p.SpringPersistenceUnitInfo      : No LoadTimeWeaver setup: ignoring JPA class transformer
2024-12-05T14:24:00.450+09:00  INFO 18240 --- [querydsl] [    Test worker] org.hibernate.orm.connections.pooling    : HHH10001005: Database info:
	Database JDBC URL [Connecting through datasource 'HikariDataSource (HikariPool-1)']
	Database driver: undefined/unknown
	Database version: 2.3.232
	Autocommit mode: undefined/unknown
	Isolation level: undefined/unknown
	Minimum pool size: undefined/unknown
	Maximum pool size: undefined/unknown
2024-12-05T14:24:01.152+09:00  INFO 18240 --- [querydsl] [    Test worker] o.h.e.t.j.p.i.JtaPlatformInitiator       : HHH000489: No JTA platform available (set 'hibernate.transaction.jta.platform' to enable JTA platform integration)
2024-12-05T14:24:01.174+09:00  INFO 18240 --- [querydsl] [    Test worker] j.LocalContainerEntityManagerFactoryBean : Initialized JPA EntityManagerFactory for persistence unit 'default'
2024-12-05T14:24:01.310+09:00  WARN 18240 --- [querydsl] [    Test worker] JpaBaseConfiguration$JpaWebConfiguration : spring.jpa.open-in-view is enabled by default. Therefore, database queries may be performed during view rendering. Explicitly configure spring.jpa.open-in-view to disable this warning
2024-12-05T14:24:01.677+09:00  INFO 18240 --- [querydsl] [    Test worker] s.querydsl.QuerydslApplicationTests      : Started QuerydslApplicationTests in 3.334 seconds (process running for 4.34)
]]></system-out>
  <system-err><![CDATA[]]></system-err>
</testsuite>
